/run/media/sssilvar/2A3CA00E3C9FD2E5/Users/Smith/Documents/FreeSurferSD/002_S_0729
[  FS  ] Loading subject /run/media/sssilvar/2A3CA00E3C9FD2E5/Users/Smith/Documents/FreeSurferSD/002_S_0729
[  OK  ] Concatenating DataFrames
[  OK  ] Processing data
/run/media/sssilvar/2A3CA00E3C9FD2E5/Users/Smith/Documents/FreeSurferSD/002_S_0782
[  FS  ] Loading subject /run/media/sssilvar/2A3CA00E3C9FD2E5/Users/Smith/Documents/FreeSurferSD/002_S_0782
[  OK  ] Concatenating DataFrames
[  OK  ] Processing data
/run/media/sssilvar/2A3CA00E3C9FD2E5/Users/Smith/Documents/FreeSurferSD/002_S_0954
[  FS  ] Loading subject /run/media/sssilvar/2A3CA00E3C9FD2E5/Users/Smith/Documents/FreeSurferSD/002_S_0954
[  OK  ] Concatenating DataFrames
[  OK  ] Processing data
/run/media/sssilvar/2A3CA00E3C9FD2E5/Users/Smith/Documents/FreeSurferSD/002_S_1070
[  FS  ] Loading subject /run/media/sssilvar/2A3CA00E3C9FD2E5/Users/Smith/Documents/FreeSurferSD/002_S_1070
[  OK  ] Concatenating DataFrames
[  OK  ] Processing data
/run/media/sssilvar/2A3CA00E3C9FD2E5/Users/Smith/Documents/FreeSurferSD/002_S_1155
[  FS  ] Loading subject /run/media/sssilvar/2A3CA00E3C9FD2E5/Users/Smith/Documents/FreeSurferSD/002_S_1155
[  OK  ] Concatenating DataFrames
[  OK  ] Processing data
/run/media/sssilvar/2A3CA00E3C9FD2E5/Users/Smith/Documents/FreeSurferSD/003_S_0908
[  FS  ] Loading subject /run/media/sssilvar/2A3CA00E3C9FD2E5/Users/Smith/Documents/FreeSurferSD/003_S_0908
[  OK  ] Concatenating DataFrames
[  OK  ] Processing data
/run/media/sssilvar/2A3CA00E3C9FD2E5/Users/Smith/Documents/FreeSurferSD/003_S_1074
[  FS  ] Loading subject /run/media/sssilvar/2A3CA00E3C9FD2E5/Users/Smith/Documents/FreeSurferSD/003_S_1074
[  OK  ] Concatenating DataFrames
[  OK  ] Processing data
/run/media/sssilvar/2A3CA00E3C9FD2E5/Users/Smith/Documents/FreeSurferSD/003_S_1122
[  FS  ] Loading subject /run/media/sssilvar/2A3CA00E3C9FD2E5/Users/Smith/Documents/FreeSurferSD/003_S_1122
[  OK  ] Concatenating DataFrames
[  OK  ] Processing data
/run/media/sssilvar/2A3CA00E3C9FD2E5/Users/Smith/Documents/FreeSurferSD/005_S_0222
[  FS  ] Loading subject /run/media/sssilvar/2A3CA00E3C9FD2E5/Users/Smith/Documents/FreeSurferSD/005_S_0222
[  OK  ] Concatenating DataFrames
[  OK  ] Processing data
/run/media/sssilvar/2A3CA00E3C9FD2E5/Users/Smith/Documents/FreeSurferSD/005_S_0324
[  FS  ] Loading subject /run/media/sssilvar/2A3CA00E3C9FD2E5/Users/Smith/Documents/FreeSurferSD/005_S_0324
[  OK  ] Concatenating DataFrames
[  OK  ] Processing data
/run/media/sssilvar/2A3CA00E3C9FD2E5/Users/Smith/Documents/FreeSurferSD/005_S_0448
[  FS  ] Loading subject /run/media/sssilvar/2A3CA00E3C9FD2E5/Users/Smith/Documents/FreeSurferSD/005_S_0448
[  OK  ] Concatenating DataFrames
[  OK  ] Processing data
/run/media/sssilvar/2A3CA00E3C9FD2E5/Users/Smith/Documents/FreeSurferSD/005_S_0546
[  FS  ] Loading subject /run/media/sssilvar/2A3CA00E3C9FD2E5/Users/Smith/Documents/FreeSurferSD/005_S_0546
[  OK  ] Concatenating DataFrames
[  OK  ] Processing data
/run/media/sssilvar/2A3CA00E3C9FD2E5/Users/Smith/Documents/FreeSurferSD/005_S_0572
[  FS  ] Loading subject /run/media/sssilvar/2A3CA00E3C9FD2E5/Users/Smith/Documents/FreeSurferSD/005_S_0572
[  OK  ] Concatenating DataFrames
[  OK  ] Processing data
/run/media/sssilvar/2A3CA00E3C9FD2E5/Users/Smith/Documents/FreeSurferSD/005_S_1224
[  FS  ] Loading subject /run/media/sssilvar/2A3CA00E3C9FD2E5/Users/Smith/Documents/FreeSurferSD/005_S_1224
[  OK  ] Concatenating DataFrames
[  OK  ] Processing data
/run/media/sssilvar/2A3CA00E3C9FD2E5/Users/Smith/Documents/FreeSurferSD/006_S_1130
[  FS  ] Loading subject /run/media/sssilvar/2A3CA00E3C9FD2E5/Users/Smith/Documents/FreeSurferSD/006_S_1130
[  OK  ] Concatenating DataFrames
[  OK  ] Processing data
/run/media/sssilvar/2A3CA00E3C9FD2E5/Users/Smith/Documents/FreeSurferSD/007_S_0041
[  FS  ] Loading subject /run/media/sssilvar/2A3CA00E3C9FD2E5/Users/Smith/Documents/FreeSurferSD/007_S_0041
[  OK  ] Concatenating DataFrames
[  OK  ] Processing data
/run/media/sssilvar/2A3CA00E3C9FD2E5/Users/Smith/Documents/FreeSurferSD/007_S_0101
[  FS  ] Loading subject /run/media/sssilvar/2A3CA00E3C9FD2E5/Users/Smith/Documents/FreeSurferSD/007_S_0101
[  OK  ] Concatenating DataFrames
[  OK  ] Processing data
/run/media/sssilvar/2A3CA00E3C9FD2E5/Users/Smith/Documents/FreeSurferSD/007_S_0128
[  FS  ] Loading subject /run/media/sssilvar/2A3CA00E3C9FD2E5/Users/Smith/Documents/FreeSurferSD/007_S_0128
[  OK  ] Concatenating DataFrames
[  OK  ] Processing data
/run/media/sssilvar/2A3CA00E3C9FD2E5/Users/Smith/Documents/FreeSurferSD/007_S_0249
[  FS  ] Loading subject /run/media/sssilvar/2A3CA00E3C9FD2E5/Users/Smith/Documents/FreeSurferSD/007_S_0249
[  OK  ] Concatenating DataFrames
[  OK  ] Processing data
/run/media/sssilvar/2A3CA00E3C9FD2E5/Users/Smith/Documents/FreeSurferSD/007_S_0293
[  FS  ] Loading subject /run/media/sssilvar/2A3CA00E3C9FD2E5/Users/Smith/Documents/FreeSurferSD/007_S_0293
[  OK  ] Concatenating DataFrames
[  OK  ] Processing data
/run/media/sssilvar/2A3CA00E3C9FD2E5/Users/Smith/Documents/FreeSurferSD/007_S_0344
[  FS  ] Loading subject /run/media/sssilvar/2A3CA00E3C9FD2E5/Users/Smith/Documents/FreeSurferSD/007_S_0344
[  OK  ] Concatenating DataFrames
[  OK  ] Processing data
/run/media/sssilvar/2A3CA00E3C9FD2E5/Users/Smith/Documents/FreeSurferSD/007_S_0414
[  FS  ] Loading subject /run/media/sssilvar/2A3CA00E3C9FD2E5/Users/Smith/Documents/FreeSurferSD/007_S_0414
[  OK  ] Concatenating DataFrames
[  OK  ] Processing data
/run/media/sssilvar/2A3CA00E3C9FD2E5/Users/Smith/Documents/FreeSurferSD/007_S_0698
[  FS  ] Loading subject /run/media/sssilvar/2A3CA00E3C9FD2E5/Users/Smith/Documents/FreeSurferSD/007_S_0698
[  OK  ] Concatenating DataFrames
[  OK  ] Processing data
/run/media/sssilvar/2A3CA00E3C9FD2E5/Users/Smith/Documents/FreeSurferSD/011_S_0241
[  FS  ] Loading subject /run/media/sssilvar/2A3CA00E3C9FD2E5/Users/Smith/Documents/FreeSurferSD/011_S_0241
[  OK  ] Concatenating DataFrames
[  OK  ] Processing data
/run/media/sssilvar/2A3CA00E3C9FD2E5/Users/Smith/Documents/FreeSurferSD/011_S_0326
[  FS  ] Loading subject /run/media/sssilvar/2A3CA00E3C9FD2E5/Users/Smith/Documents/FreeSurferSD/011_S_0326
[  OK  ] Concatenating DataFrames
[  OK  ] Processing data
/run/media/sssilvar/2A3CA00E3C9FD2E5/Users/Smith/Documents/FreeSurferSD/011_S_0362
[  FS  ] Loading subject /run/media/sssilvar/2A3CA00E3C9FD2E5/Users/Smith/Documents/FreeSurferSD/011_S_0362
[  OK  ] Concatenating DataFrames
[  OK  ] Processing data
/run/media/sssilvar/2A3CA00E3C9FD2E5/Users/Smith/Documents/FreeSurferSD/011_S_0856
[  FS  ] Loading subject /run/media/sssilvar/2A3CA00E3C9FD2E5/Users/Smith/Documents/FreeSurferSD/011_S_0856
[  ERROR  ] it seems like subject 011_S_0856 does not exist
/run/media/sssilvar/2A3CA00E3C9FD2E5/Users/Smith/Documents/FreeSurferSD/011_S_0861
[  FS  ] Loading subject /run/media/sssilvar/2A3CA00E3C9FD2E5/Users/Smith/Documents/FreeSurferSD/011_S_0861
[  OK  ] Concatenating DataFrames
[  OK  ] Processing data
/run/media/sssilvar/2A3CA00E3C9FD2E5/Users/Smith/Documents/FreeSurferSD/011_S_1080
[  FS  ] Loading subject /run/media/sssilvar/2A3CA00E3C9FD2E5/Users/Smith/Documents/FreeSurferSD/011_S_1080
[  OK  ] Concatenating DataFrames
[  OK  ] Processing data
/run/media/sssilvar/2A3CA00E3C9FD2E5/Users/Smith/Documents/FreeSurferSD/011_S_1282
[  FS  ] Loading subject /run/media/sssilvar/2A3CA00E3C9FD2E5/Users/Smith/Documents/FreeSurferSD/011_S_1282
[  OK  ] Concatenating DataFrames
[  OK  ] Processing data
/run/media/sssilvar/2A3CA00E3C9FD2E5/Users/Smith/Documents/FreeSurferSD/013_S_0240
[  FS  ] Loading subject /run/media/sssilvar/2A3CA00E3C9FD2E5/Users/Smith/Documents/FreeSurferSD/013_S_0240
[  OK  ] Concatenating DataFrames
[  OK  ] Processing data
/run/media/sssilvar/2A3CA00E3C9FD2E5/Users/Smith/Documents/FreeSurferSD/013_S_0325
[  FS  ] Loading subject /run/media/sssilvar/2A3CA00E3C9FD2E5/Users/Smith/Documents/FreeSurferSD/013_S_0325
[  OK  ] Concatenating DataFrames
[  OK  ] Processing data
/run/media/sssilvar/2A3CA00E3C9FD2E5/Users/Smith/Documents/FreeSurferSD/013_S_0860
[  FS  ] Loading subject /run/media/sssilvar/2A3CA00E3C9FD2E5/Users/Smith/Documents/FreeSurferSD/013_S_0860
[  OK  ] Concatenating DataFrames
[  OK  ] Processing data
/run/media/sssilvar/2A3CA00E3C9FD2E5/Users/Smith/Documents/FreeSurferSD/013_S_1186
[  FS  ] Loading subject /run/media/sssilvar/2A3CA00E3C9FD2E5/Users/Smith/Documents/FreeSurferSD/013_S_1186
[  OK  ] Concatenating DataFrames
[  OK  ] Processing data
/run/media/sssilvar/2A3CA00E3C9FD2E5/Users/Smith/Documents/FreeSurferSD/014_S_0169
[  FS  ] Loading subject /run/media/sssilvar/2A3CA00E3C9FD2E5/Users/Smith/Documents/FreeSurferSD/014_S_0169
[  OK  ] Concatenating DataFrames
[  OK  ] Processing data
/run/media/sssilvar/2A3CA00E3C9FD2E5/Users/Smith/Documents/FreeSurferSD/014_S_0557
[  FS  ] Loading subject /run/media/sssilvar/2A3CA00E3C9FD2E5/Users/Smith/Documents/FreeSurferSD/014_S_0557
[  OK  ] Concatenating DataFrames
[  OK  ] Processing data
/run/media/sssilvar/2A3CA00E3C9FD2E5/Users/Smith/Documents/FreeSurferSD/014_S_0563
[  FS  ] Loading subject /run/media/sssilvar/2A3CA00E3C9FD2E5/Users/Smith/Documents/FreeSurferSD/014_S_0563
[  OK  ] Concatenating DataFrames
[  OK  ] Processing data
/run/media/sssilvar/2A3CA00E3C9FD2E5/Users/Smith/Documents/FreeSurferSD/014_S_0658
[  FS  ] Loading subject /run/media/sssilvar/2A3CA00E3C9FD2E5/Users/Smith/Documents/FreeSurferSD/014_S_0658
[  OK  ] Concatenating DataFrames
[  OK  ] Processing data
/run/media/sssilvar/2A3CA00E3C9FD2E5/Users/Smith/Documents/FreeSurferSD/016_S_0702
[  FS  ] Loading subject /run/media/sssilvar/2A3CA00E3C9FD2E5/Users/Smith/Documents/FreeSurferSD/016_S_0702
[  OK  ] Concatenating DataFrames
[  OK  ] Processing data
/run/media/sssilvar/2A3CA00E3C9FD2E5/Users/Smith/Documents/FreeSurferSD/016_S_0769
[  FS  ] Loading subject /run/media/sssilvar/2A3CA00E3C9FD2E5/Users/Smith/Documents/FreeSurferSD/016_S_0769
[  OK  ] Concatenating DataFrames
[  OK  ] Processing data
/run/media/sssilvar/2A3CA00E3C9FD2E5/Users/Smith/Documents/FreeSurferSD/016_S_1028
[  FS  ] Loading subject /run/media/sssilvar/2A3CA00E3C9FD2E5/Users/Smith/Documents/FreeSurferSD/016_S_1028
[  OK  ] Concatenating DataFrames
[  OK  ] Processing data
/run/media/sssilvar/2A3CA00E3C9FD2E5/Users/Smith/Documents/FreeSurferSD/016_S_1138
[  FS  ] Loading subject /run/media/sssilvar/2A3CA00E3C9FD2E5/Users/Smith/Documents/FreeSurferSD/016_S_1138
[  OK  ] Concatenating DataFrames
[  OK  ] Processing data
/run/media/sssilvar/2A3CA00E3C9FD2E5/Users/Smith/Documents/FreeSurferSD/022_S_0004
[  FS  ] Loading subject /run/media/sssilvar/2A3CA00E3C9FD2E5/Users/Smith/Documents/FreeSurferSD/022_S_0004
[  OK  ] Concatenating DataFrames
[  OK  ] Processing data
/run/media/sssilvar/2A3CA00E3C9FD2E5/Users/Smith/Documents/FreeSurferSD/022_S_0544
[  FS  ] Loading subject /run/media/sssilvar/2A3CA00E3C9FD2E5/Users/Smith/Documents/FreeSurferSD/022_S_0544
[  OK  ] Concatenating DataFrames
[  OK  ] Processing data
/run/media/sssilvar/2A3CA00E3C9FD2E5/Users/Smith/Documents/FreeSurferSD/022_S_0750
[  FS  ] Loading subject /run/media/sssilvar/2A3CA00E3C9FD2E5/Users/Smith/Documents/FreeSurferSD/022_S_0750
[  OK  ] Concatenating DataFrames
[  OK  ] Processing data
/run/media/sssilvar/2A3CA00E3C9FD2E5/Users/Smith/Documents/FreeSurferSD/022_S_0961
[  FS  ] Loading subject /run/media/sssilvar/2A3CA00E3C9FD2E5/Users/Smith/Documents/FreeSurferSD/022_S_0961
[  OK  ] Concatenating DataFrames
[  OK  ] Processing data
/run/media/sssilvar/2A3CA00E3C9FD2E5/Users/Smith/Documents/FreeSurferSD/022_S_1097
[  FS  ] Loading subject /run/media/sssilvar/2A3CA00E3C9FD2E5/Users/Smith/Documents/FreeSurferSD/022_S_1097
[  OK  ] Concatenating DataFrames
[  OK  ] Processing data
/run/media/sssilvar/2A3CA00E3C9FD2E5/Users/Smith/Documents/FreeSurferSD/022_S_1351
[  FS  ] Loading subject /run/media/sssilvar/2A3CA00E3C9FD2E5/Users/Smith/Documents/FreeSurferSD/022_S_1351
[  OK  ] Concatenating DataFrames
[  OK  ] Processing data
/run/media/sssilvar/2A3CA00E3C9FD2E5/Users/Smith/Documents/FreeSurferSD/022_S_1394
[  FS  ] Loading subject /run/media/sssilvar/2A3CA00E3C9FD2E5/Users/Smith/Documents/FreeSurferSD/022_S_1394
[  OK  ] Concatenating DataFrames
[  OK  ] Processing data
/run/media/sssilvar/2A3CA00E3C9FD2E5/Users/Smith/Documents/FreeSurferSD/023_S_0030
[  FS  ] Loading subject /run/media/sssilvar/2A3CA00E3C9FD2E5/Users/Smith/Documents/FreeSurferSD/023_S_0030
[  OK  ] Concatenating DataFrames
[  OK  ] Processing data
/run/media/sssilvar/2A3CA00E3C9FD2E5/Users/Smith/Documents/FreeSurferSD/023_S_0042
[  FS  ] Loading subject /run/media/sssilvar/2A3CA00E3C9FD2E5/Users/Smith/Documents/FreeSurferSD/023_S_0042
[  OK  ] Concatenating DataFrames
[  OK  ] Processing data
/run/media/sssilvar/2A3CA00E3C9FD2E5/Users/Smith/Documents/FreeSurferSD/023_S_0126
[  FS  ] Loading subject /run/media/sssilvar/2A3CA00E3C9FD2E5/Users/Smith/Documents/FreeSurferSD/023_S_0126
[  OK  ] Concatenating DataFrames
[  OK  ] Processing data
/run/media/sssilvar/2A3CA00E3C9FD2E5/Users/Smith/Documents/FreeSurferSD/023_S_0217
[  FS  ] Loading subject /run/media/sssilvar/2A3CA00E3C9FD2E5/Users/Smith/Documents/FreeSurferSD/023_S_0217
[  OK  ] Concatenating DataFrames
[  OK  ] Processing data
/run/media/sssilvar/2A3CA00E3C9FD2E5/Users/Smith/Documents/FreeSurferSD/023_S_0331
[  FS  ] Loading subject /run/media/sssilvar/2A3CA00E3C9FD2E5/Users/Smith/Documents/FreeSurferSD/023_S_0331
[  OK  ] Concatenating DataFrames
[  OK  ] Processing data
/run/media/sssilvar/2A3CA00E3C9FD2E5/Users/Smith/Documents/FreeSurferSD/023_S_0376
[  FS  ] Loading subject /run/media/sssilvar/2A3CA00E3C9FD2E5/Users/Smith/Documents/FreeSurferSD/023_S_0376
[  OK  ] Concatenating DataFrames
[  OK  ] Processing data
/run/media/sssilvar/2A3CA00E3C9FD2E5/Users/Smith/Documents/FreeSurferSD/023_S_0388
[  FS  ] Loading subject /run/media/sssilvar/2A3CA00E3C9FD2E5/Users/Smith/Documents/FreeSurferSD/023_S_0388
[  OK  ] Concatenating DataFrames
[  OK  ] Processing data
/run/media/sssilvar/2A3CA00E3C9FD2E5/Users/Smith/Documents/FreeSurferSD/023_S_0604
[  FS  ] Loading subject /run/media/sssilvar/2A3CA00E3C9FD2E5/Users/Smith/Documents/FreeSurferSD/023_S_0604
[  OK  ] Concatenating DataFrames
[  OK  ] Processing data
/run/media/sssilvar/2A3CA00E3C9FD2E5/Users/Smith/Documents/FreeSurferSD/023_S_0625
[  FS  ] Loading subject /run/media/sssilvar/2A3CA00E3C9FD2E5/Users/Smith/Documents/FreeSurferSD/023_S_0625
[  OK  ] Concatenating DataFrames
[  OK  ] Processing data
/run/media/sssilvar/2A3CA00E3C9FD2E5/Users/Smith/Documents/FreeSurferSD/023_S_0855
[  FS  ] Loading subject /run/media/sssilvar/2A3CA00E3C9FD2E5/Users/Smith/Documents/FreeSurferSD/023_S_0855
[  OK  ] Concatenating DataFrames
[  OK  ] Processing data
/run/media/sssilvar/2A3CA00E3C9FD2E5/Users/Smith/Documents/FreeSurferSD/023_S_0887
[  FS  ] Loading subject /run/media/sssilvar/2A3CA00E3C9FD2E5/Users/Smith/Documents/FreeSurferSD/023_S_0887
[  OK  ] Concatenating DataFrames
[  OK  ] Processing data
/run/media/sssilvar/2A3CA00E3C9FD2E5/Users/Smith/Documents/FreeSurferSD/023_S_1046
[  FS  ] Loading subject /run/media/sssilvar/2A3CA00E3C9FD2E5/Users/Smith/Documents/FreeSurferSD/023_S_1046
[  OK  ] Concatenating DataFrames
[  OK  ] Processing data
/run/media/sssilvar/2A3CA00E3C9FD2E5/Users/Smith/Documents/FreeSurferSD/023_S_1247
[  FS  ] Loading subject /run/media/sssilvar/2A3CA00E3C9FD2E5/Users/Smith/Documents/FreeSurferSD/023_S_1247
[  OK  ] Concatenating DataFrames
[  OK  ] Processing data
/run/media/sssilvar/2A3CA00E3C9FD2E5/Users/Smith/Documents/FreeSurferSD/027_S_0116
[  FS  ] Loading subject /run/media/sssilvar/2A3CA00E3C9FD2E5/Users/Smith/Documents/FreeSurferSD/027_S_0116
[  OK  ] Concatenating DataFrames
[  OK  ] Processing data
/run/media/sssilvar/2A3CA00E3C9FD2E5/Users/Smith/Documents/FreeSurferSD/027_S_0179
[  FS  ] Loading subject /run/media/sssilvar/2A3CA00E3C9FD2E5/Users/Smith/Documents/FreeSurferSD/027_S_0179
[  OK  ] Concatenating DataFrames
[  OK  ] Processing data
/run/media/sssilvar/2A3CA00E3C9FD2E5/Users/Smith/Documents/FreeSurferSD/027_S_0256
[  FS  ] Loading subject /run/media/sssilvar/2A3CA00E3C9FD2E5/Users/Smith/Documents/FreeSurferSD/027_S_0256
[  OK  ] Concatenating DataFrames
[  OK  ] Processing data
/run/media/sssilvar/2A3CA00E3C9FD2E5/Users/Smith/Documents/FreeSurferSD/027_S_0307
[  FS  ] Loading subject /run/media/sssilvar/2A3CA00E3C9FD2E5/Users/Smith/Documents/FreeSurferSD/027_S_0307
[  OK  ] Concatenating DataFrames
[  OK  ] Processing data
/run/media/sssilvar/2A3CA00E3C9FD2E5/Users/Smith/Documents/FreeSurferSD/027_S_0408
[  FS  ] Loading subject /run/media/sssilvar/2A3CA00E3C9FD2E5/Users/Smith/Documents/FreeSurferSD/027_S_0408
[  OK  ] Concatenating DataFrames
[  OK  ] Processing data
/run/media/sssilvar/2A3CA00E3C9FD2E5/Users/Smith/Documents/FreeSurferSD/027_S_0461
[  FS  ] Loading subject /run/media/sssilvar/2A3CA00E3C9FD2E5/Users/Smith/Documents/FreeSurferSD/027_S_0461
[  OK  ] Concatenating DataFrames
[  OK  ] Processing data
/run/media/sssilvar/2A3CA00E3C9FD2E5/Users/Smith/Documents/FreeSurferSD/027_S_0485
[  FS  ] Loading subject /run/media/sssilvar/2A3CA00E3C9FD2E5/Users/Smith/Documents/FreeSurferSD/027_S_0485
[  OK  ] Concatenating DataFrames
[  OK  ] Processing data
/run/media/sssilvar/2A3CA00E3C9FD2E5/Users/Smith/Documents/FreeSurferSD/027_S_0644
[  FS  ] Loading subject /run/media/sssilvar/2A3CA00E3C9FD2E5/Users/Smith/Documents/FreeSurferSD/027_S_0644
[  OK  ] Concatenating DataFrames
[  OK  ] Processing data
/run/media/sssilvar/2A3CA00E3C9FD2E5/Users/Smith/Documents/FreeSurferSD/027_S_0835
[  FS  ] Loading subject /run/media/sssilvar/2A3CA00E3C9FD2E5/Users/Smith/Documents/FreeSurferSD/027_S_0835
[  OK  ] Concatenating DataFrames
[  OK  ] Processing data
/run/media/sssilvar/2A3CA00E3C9FD2E5/Users/Smith/Documents/FreeSurferSD/027_S_1045
[  FS  ] Loading subject /run/media/sssilvar/2A3CA00E3C9FD2E5/Users/Smith/Documents/FreeSurferSD/027_S_1045
[  OK  ] Concatenating DataFrames
[  OK  ] Processing data
/run/media/sssilvar/2A3CA00E3C9FD2E5/Users/Smith/Documents/FreeSurferSD/027_S_1213
[  FS  ] Loading subject /run/media/sssilvar/2A3CA00E3C9FD2E5/Users/Smith/Documents/FreeSurferSD/027_S_1213
[  OK  ] Concatenating DataFrames
[  OK  ] Processing data
/run/media/sssilvar/2A3CA00E3C9FD2E5/Users/Smith/Documents/FreeSurferSD/027_S_1387
[  FS  ] Loading subject /run/media/sssilvar/2A3CA00E3C9FD2E5/Users/Smith/Documents/FreeSurferSD/027_S_1387
[  OK  ] Concatenating DataFrames
[  OK  ] Processing data
/run/media/sssilvar/2A3CA00E3C9FD2E5/Users/Smith/Documents/FreeSurferSD/029_S_0878
[  FS  ] Loading subject /run/media/sssilvar/2A3CA00E3C9FD2E5/Users/Smith/Documents/FreeSurferSD/029_S_0878
[  OK  ] Concatenating DataFrames
[  OK  ] Processing data
/run/media/sssilvar/2A3CA00E3C9FD2E5/Users/Smith/Documents/FreeSurferSD/029_S_1038
[  FS  ] Loading subject /run/media/sssilvar/2A3CA00E3C9FD2E5/Users/Smith/Documents/FreeSurferSD/029_S_1038
[  OK  ] Concatenating DataFrames
[  OK  ] Processing data
/run/media/sssilvar/2A3CA00E3C9FD2E5/Users/Smith/Documents/FreeSurferSD/029_S_1073
[  FS  ] Loading subject /run/media/sssilvar/2A3CA00E3C9FD2E5/Users/Smith/Documents/FreeSurferSD/029_S_1073
[  OK  ] Concatenating DataFrames
[  OK  ] Processing data
/run/media/sssilvar/2A3CA00E3C9FD2E5/Users/Smith/Documents/FreeSurferSD/029_S_1215
[  FS  ] Loading subject /run/media/sssilvar/2A3CA00E3C9FD2E5/Users/Smith/Documents/FreeSurferSD/029_S_1215
[  OK  ] Concatenating DataFrames
[  OK  ] Processing data
/run/media/sssilvar/2A3CA00E3C9FD2E5/Users/Smith/Documents/FreeSurferSD/029_S_1218
[  FS  ] Loading subject /run/media/sssilvar/2A3CA00E3C9FD2E5/Users/Smith/Documents/FreeSurferSD/029_S_1218
[  OK  ] Concatenating DataFrames
[  OK  ] Processing data
/run/media/sssilvar/2A3CA00E3C9FD2E5/Users/Smith/Documents/FreeSurferSD/033_S_0511
[  FS  ] Loading subject /run/media/sssilvar/2A3CA00E3C9FD2E5/Users/Smith/Documents/FreeSurferSD/033_S_0511
[  OK  ] Concatenating DataFrames
[  OK  ] Processing data
/run/media/sssilvar/2A3CA00E3C9FD2E5/Users/Smith/Documents/FreeSurferSD/033_S_0513
[  FS  ] Loading subject /run/media/sssilvar/2A3CA00E3C9FD2E5/Users/Smith/Documents/FreeSurferSD/033_S_0513
[  OK  ] Concatenating DataFrames
[  OK  ] Processing data
/run/media/sssilvar/2A3CA00E3C9FD2E5/Users/Smith/Documents/FreeSurferSD/033_S_0514
[  FS  ] Loading subject /run/media/sssilvar/2A3CA00E3C9FD2E5/Users/Smith/Documents/FreeSurferSD/033_S_0514
[  OK  ] Concatenating DataFrames
[  OK  ] Processing data
/run/media/sssilvar/2A3CA00E3C9FD2E5/Users/Smith/Documents/FreeSurferSD/033_S_0567
[  FS  ] Loading subject /run/media/sssilvar/2A3CA00E3C9FD2E5/Users/Smith/Documents/FreeSurferSD/033_S_0567
[  OK  ] Concatenating DataFrames
[  OK  ] Processing data
/run/media/sssilvar/2A3CA00E3C9FD2E5/Users/Smith/Documents/FreeSurferSD/033_S_0723
[  FS  ] Loading subject /run/media/sssilvar/2A3CA00E3C9FD2E5/Users/Smith/Documents/FreeSurferSD/033_S_0723
[  OK  ] Concatenating DataFrames
[  OK  ] Processing data
/run/media/sssilvar/2A3CA00E3C9FD2E5/Users/Smith/Documents/FreeSurferSD/033_S_0725
[  FS  ] Loading subject /run/media/sssilvar/2A3CA00E3C9FD2E5/Users/Smith/Documents/FreeSurferSD/033_S_0725
[  OK  ] Concatenating DataFrames
[  OK  ] Processing data
/run/media/sssilvar/2A3CA00E3C9FD2E5/Users/Smith/Documents/FreeSurferSD/033_S_0906
[  FS  ] Loading subject /run/media/sssilvar/2A3CA00E3C9FD2E5/Users/Smith/Documents/FreeSurferSD/033_S_0906
[  OK  ] Concatenating DataFrames
[  OK  ] Processing data
/run/media/sssilvar/2A3CA00E3C9FD2E5/Users/Smith/Documents/FreeSurferSD/033_S_0922
[  FS  ] Loading subject /run/media/sssilvar/2A3CA00E3C9FD2E5/Users/Smith/Documents/FreeSurferSD/033_S_0922
[  OK  ] Concatenating DataFrames
[  OK  ] Processing data
/run/media/sssilvar/2A3CA00E3C9FD2E5/Users/Smith/Documents/FreeSurferSD/033_S_1116
[  FS  ] Loading subject /run/media/sssilvar/2A3CA00E3C9FD2E5/Users/Smith/Documents/FreeSurferSD/033_S_1116
[  OK  ] Concatenating DataFrames
[  OK  ] Processing data
/run/media/sssilvar/2A3CA00E3C9FD2E5/Users/Smith/Documents/FreeSurferSD/033_S_1279
[  FS  ] Loading subject /run/media/sssilvar/2A3CA00E3C9FD2E5/Users/Smith/Documents/FreeSurferSD/033_S_1279
[  OK  ] Concatenating DataFrames
[  OK  ] Processing data
/run/media/sssilvar/2A3CA00E3C9FD2E5/Users/Smith/Documents/FreeSurferSD/033_S_1284
[  FS  ] Loading subject /run/media/sssilvar/2A3CA00E3C9FD2E5/Users/Smith/Documents/FreeSurferSD/033_S_1284
[  OK  ] Concatenating DataFrames
[  OK  ] Processing data
/run/media/sssilvar/2A3CA00E3C9FD2E5/Users/Smith/Documents/FreeSurferSD/033_S_1309
[  FS  ] Loading subject /run/media/sssilvar/2A3CA00E3C9FD2E5/Users/Smith/Documents/FreeSurferSD/033_S_1309
[  OK  ] Concatenating DataFrames
[  OK  ] Processing data
/run/media/sssilvar/2A3CA00E3C9FD2E5/Users/Smith/Documents/FreeSurferSD/035_S_0033
[  FS  ] Loading subject /run/media/sssilvar/2A3CA00E3C9FD2E5/Users/Smith/Documents/FreeSurferSD/035_S_0033
[  OK  ] Concatenating DataFrames
[  OK  ] Processing data
/run/media/sssilvar/2A3CA00E3C9FD2E5/Users/Smith/Documents/FreeSurferSD/035_S_0204
[  FS  ] Loading subject /run/media/sssilvar/2A3CA00E3C9FD2E5/Users/Smith/Documents/FreeSurferSD/035_S_0204
[  OK  ] Concatenating DataFrames
[  OK  ] Processing data
/run/media/sssilvar/2A3CA00E3C9FD2E5/Users/Smith/Documents/FreeSurferSD/035_S_0292
[  FS  ] Loading subject /run/media/sssilvar/2A3CA00E3C9FD2E5/Users/Smith/Documents/FreeSurferSD/035_S_0292
[  OK  ] Concatenating DataFrames
[  OK  ] Processing data
/run/media/sssilvar/2A3CA00E3C9FD2E5/Users/Smith/Documents/FreeSurferSD/035_S_0997
[  FS  ] Loading subject /run/media/sssilvar/2A3CA00E3C9FD2E5/Users/Smith/Documents/FreeSurferSD/035_S_0997
[  OK  ] Concatenating DataFrames
[  OK  ] Processing data
/run/media/sssilvar/2A3CA00E3C9FD2E5/Users/Smith/Documents/FreeSurferSD/036_S_0656
[  FS  ] Loading subject /run/media/sssilvar/2A3CA00E3C9FD2E5/Users/Smith/Documents/FreeSurferSD/036_S_0656
[  OK  ] Concatenating DataFrames
[  OK  ] Processing data
/run/media/sssilvar/2A3CA00E3C9FD2E5/Users/Smith/Documents/FreeSurferSD/036_S_0673
[  FS  ] Loading subject /run/media/sssilvar/2A3CA00E3C9FD2E5/Users/Smith/Documents/FreeSurferSD/036_S_0673
[  OK  ] Concatenating DataFrames
[  OK  ] Processing data
/run/media/sssilvar/2A3CA00E3C9FD2E5/Users/Smith/Documents/FreeSurferSD/036_S_0748
[  FS  ] Loading subject /run/media/sssilvar/2A3CA00E3C9FD2E5/Users/Smith/Documents/FreeSurferSD/036_S_0748
[  OK  ] Concatenating DataFrames
[  OK  ] Processing data
/run/media/sssilvar/2A3CA00E3C9FD2E5/Users/Smith/Documents/FreeSurferSD/036_S_0869
[  FS  ] Loading subject /run/media/sssilvar/2A3CA00E3C9FD2E5/Users/Smith/Documents/FreeSurferSD/036_S_0869
[  OK  ] Concatenating DataFrames
[  OK  ] Processing data
/run/media/sssilvar/2A3CA00E3C9FD2E5/Users/Smith/Documents/FreeSurferSD/036_S_0945
[  FS  ] Loading subject /run/media/sssilvar/2A3CA00E3C9FD2E5/Users/Smith/Documents/FreeSurferSD/036_S_0945
[  OK  ] Concatenating DataFrames
[  OK  ] Processing data
/run/media/sssilvar/2A3CA00E3C9FD2E5/Users/Smith/Documents/FreeSurferSD/036_S_0976
[  FS  ] Loading subject /run/media/sssilvar/2A3CA00E3C9FD2E5/Users/Smith/Documents/FreeSurferSD/036_S_0976
[  OK  ] Concatenating DataFrames
[  OK  ] Processing data
/run/media/sssilvar/2A3CA00E3C9FD2E5/Users/Smith/Documents/FreeSurferSD/036_S_1135
[  FS  ] Loading subject /run/media/sssilvar/2A3CA00E3C9FD2E5/Users/Smith/Documents/FreeSurferSD/036_S_1135
[  OK  ] Concatenating DataFrames
[  OK  ] Processing data
/run/media/sssilvar/2A3CA00E3C9FD2E5/Users/Smith/Documents/FreeSurferSD/036_S_1240
[  FS  ] Loading subject /run/media/sssilvar/2A3CA00E3C9FD2E5/Users/Smith/Documents/FreeSurferSD/036_S_1240
[  OK  ] Concatenating DataFrames
[  OK  ] Processing data
/run/media/sssilvar/2A3CA00E3C9FD2E5/Users/Smith/Documents/FreeSurferSD/041_S_0282
[  FS  ] Loading subject /run/media/sssilvar/2A3CA00E3C9FD2E5/Users/Smith/Documents/FreeSurferSD/041_S_0282
[  OK  ] Concatenating DataFrames
[  OK  ] Processing data
/run/media/sssilvar/2A3CA00E3C9FD2E5/Users/Smith/Documents/FreeSurferSD/041_S_0314
[  FS  ] Loading subject /run/media/sssilvar/2A3CA00E3C9FD2E5/Users/Smith/Documents/FreeSurferSD/041_S_0314
[  OK  ] Concatenating DataFrames
[  OK  ] Processing data
/run/media/sssilvar/2A3CA00E3C9FD2E5/Users/Smith/Documents/FreeSurferSD/041_S_0549
[  FS  ] Loading subject /run/media/sssilvar/2A3CA00E3C9FD2E5/Users/Smith/Documents/FreeSurferSD/041_S_0549
[  OK  ] Concatenating DataFrames
[  OK  ] Processing data
/run/media/sssilvar/2A3CA00E3C9FD2E5/Users/Smith/Documents/FreeSurferSD/041_S_0598
[  FS  ] Loading subject /run/media/sssilvar/2A3CA00E3C9FD2E5/Users/Smith/Documents/FreeSurferSD/041_S_0598
[  OK  ] Concatenating DataFrames
[  OK  ] Processing data
/run/media/sssilvar/2A3CA00E3C9FD2E5/Users/Smith/Documents/FreeSurferSD/041_S_0679
[  FS  ] Loading subject /run/media/sssilvar/2A3CA00E3C9FD2E5/Users/Smith/Documents/FreeSurferSD/041_S_0679
[  OK  ] Concatenating DataFrames
[  OK  ] Processing data
/run/media/sssilvar/2A3CA00E3C9FD2E5/Users/Smith/Documents/FreeSurferSD/041_S_1010
[  FS  ] Loading subject /run/media/sssilvar/2A3CA00E3C9FD2E5/Users/Smith/Documents/FreeSurferSD/041_S_1010
[  OK  ] Concatenating DataFrames
[  OK  ] Processing data
/run/media/sssilvar/2A3CA00E3C9FD2E5/Users/Smith/Documents/FreeSurferSD/041_S_1260
[  FS  ] Loading subject /run/media/sssilvar/2A3CA00E3C9FD2E5/Users/Smith/Documents/FreeSurferSD/041_S_1260
[  OK  ] Concatenating DataFrames
[  OK  ] Processing data
/run/media/sssilvar/2A3CA00E3C9FD2E5/Users/Smith/Documents/FreeSurferSD/041_S_1412
[  FS  ] Loading subject /run/media/sssilvar/2A3CA00E3C9FD2E5/Users/Smith/Documents/FreeSurferSD/041_S_1412
[  OK  ] Concatenating DataFrames
[  OK  ] Processing data
/run/media/sssilvar/2A3CA00E3C9FD2E5/Users/Smith/Documents/FreeSurferSD/041_S_1423
[  FS  ] Loading subject /run/media/sssilvar/2A3CA00E3C9FD2E5/Users/Smith/Documents/FreeSurferSD/041_S_1423
[  OK  ] Concatenating DataFrames
[  OK  ] Processing data
/run/media/sssilvar/2A3CA00E3C9FD2E5/Users/Smith/Documents/FreeSurferSD/051_S_1072
[  FS  ] Loading subject /run/media/sssilvar/2A3CA00E3C9FD2E5/Users/Smith/Documents/FreeSurferSD/051_S_1072
[  OK  ] Concatenating DataFrames
[  OK  ] Processing data
/run/media/sssilvar/2A3CA00E3C9FD2E5/Users/Smith/Documents/FreeSurferSD/051_S_1131
[  FS  ] Loading subject /run/media/sssilvar/2A3CA00E3C9FD2E5/Users/Smith/Documents/FreeSurferSD/051_S_1131
[  OK  ] Concatenating DataFrames
[  OK  ] Processing data
/run/media/sssilvar/2A3CA00E3C9FD2E5/Users/Smith/Documents/FreeSurferSD/051_S_1331
[  FS  ] Loading subject /run/media/sssilvar/2A3CA00E3C9FD2E5/Users/Smith/Documents/FreeSurferSD/051_S_1331
[  OK  ] Concatenating DataFrames
[  OK  ] Processing data
/run/media/sssilvar/2A3CA00E3C9FD2E5/Users/Smith/Documents/FreeSurferSD/052_S_0671
[  FS  ] Loading subject /run/media/sssilvar/2A3CA00E3C9FD2E5/Users/Smith/Documents/FreeSurferSD/052_S_0671
[  OK  ] Concatenating DataFrames
[  OK  ] Processing data
/run/media/sssilvar/2A3CA00E3C9FD2E5/Users/Smith/Documents/FreeSurferSD/052_S_0952
[  FS  ] Loading subject /run/media/sssilvar/2A3CA00E3C9FD2E5/Users/Smith/Documents/FreeSurferSD/052_S_0952
[  OK  ] Concatenating DataFrames
[  OK  ] Processing data
/run/media/sssilvar/2A3CA00E3C9FD2E5/Users/Smith/Documents/FreeSurferSD/052_S_0989
[  FS  ] Loading subject /run/media/sssilvar/2A3CA00E3C9FD2E5/Users/Smith/Documents/FreeSurferSD/052_S_0989
[  OK  ] Concatenating DataFrames
[  OK  ] Processing data
/run/media/sssilvar/2A3CA00E3C9FD2E5/Users/Smith/Documents/FreeSurferSD/052_S_1054
[  FS  ] Loading subject /run/media/sssilvar/2A3CA00E3C9FD2E5/Users/Smith/Documents/FreeSurferSD/052_S_1054
[  OK  ] Concatenating DataFrames
[  OK  ] Processing data
/run/media/sssilvar/2A3CA00E3C9FD2E5/Users/Smith/Documents/FreeSurferSD/052_S_1168
[  FS  ] Loading subject /run/media/sssilvar/2A3CA00E3C9FD2E5/Users/Smith/Documents/FreeSurferSD/052_S_1168
[  OK  ] Concatenating DataFrames
[  OK  ] Processing data
/run/media/sssilvar/2A3CA00E3C9FD2E5/Users/Smith/Documents/FreeSurferSD/053_S_0389
[  FS  ] Loading subject /run/media/sssilvar/2A3CA00E3C9FD2E5/Users/Smith/Documents/FreeSurferSD/053_S_0389
[  OK  ] Concatenating DataFrames
[  OK  ] Processing data
/run/media/sssilvar/2A3CA00E3C9FD2E5/Users/Smith/Documents/FreeSurferSD/053_S_0507
[  FS  ] Loading subject /run/media/sssilvar/2A3CA00E3C9FD2E5/Users/Smith/Documents/FreeSurferSD/053_S_0507
[  OK  ] Concatenating DataFrames
[  OK  ] Processing data
/run/media/sssilvar/2A3CA00E3C9FD2E5/Users/Smith/Documents/FreeSurferSD/053_S_0621
[  FS  ] Loading subject /run/media/sssilvar/2A3CA00E3C9FD2E5/Users/Smith/Documents/FreeSurferSD/053_S_0621
[  OK  ] Concatenating DataFrames
[  OK  ] Processing data
/run/media/sssilvar/2A3CA00E3C9FD2E5/Users/Smith/Documents/FreeSurferSD/053_S_0919
[  FS  ] Loading subject /run/media/sssilvar/2A3CA00E3C9FD2E5/Users/Smith/Documents/FreeSurferSD/053_S_0919
[  OK  ] Concatenating DataFrames
[  OK  ] Processing data
/run/media/sssilvar/2A3CA00E3C9FD2E5/Users/Smith/Documents/FreeSurferSD/057_S_0464
[  FS  ] Loading subject /run/media/sssilvar/2A3CA00E3C9FD2E5/Users/Smith/Documents/FreeSurferSD/057_S_0464
[  OK  ] Concatenating DataFrames
[  OK  ] Processing data
/run/media/sssilvar/2A3CA00E3C9FD2E5/Users/Smith/Documents/FreeSurferSD/057_S_0839
[  FS  ] Loading subject /run/media/sssilvar/2A3CA00E3C9FD2E5/Users/Smith/Documents/FreeSurferSD/057_S_0839
[  OK  ] Concatenating DataFrames
[  OK  ] Processing data
/run/media/sssilvar/2A3CA00E3C9FD2E5/Users/Smith/Documents/FreeSurferSD/057_S_0941
[  FS  ] Loading subject /run/media/sssilvar/2A3CA00E3C9FD2E5/Users/Smith/Documents/FreeSurferSD/057_S_0941
[  OK  ] Concatenating DataFrames
[  OK  ] Processing data
/run/media/sssilvar/2A3CA00E3C9FD2E5/Users/Smith/Documents/FreeSurferSD/057_S_1007
[  FS  ] Loading subject /run/media/sssilvar/2A3CA00E3C9FD2E5/Users/Smith/Documents/FreeSurferSD/057_S_1007
[  OK  ] Concatenating DataFrames
[  OK  ] Processing data
/run/media/sssilvar/2A3CA00E3C9FD2E5/Users/Smith/Documents/FreeSurferSD/057_S_1217
[  FS  ] Loading subject /run/media/sssilvar/2A3CA00E3C9FD2E5/Users/Smith/Documents/FreeSurferSD/057_S_1217
[  OK  ] Concatenating DataFrames
[  OK  ] Processing data
/run/media/sssilvar/2A3CA00E3C9FD2E5/Users/Smith/Documents/FreeSurferSD/062_S_1182
[  FS  ] Loading subject /run/media/sssilvar/2A3CA00E3C9FD2E5/Users/Smith/Documents/FreeSurferSD/062_S_1182
[  OK  ] Concatenating DataFrames
[  OK  ] Processing data
/run/media/sssilvar/2A3CA00E3C9FD2E5/Users/Smith/Documents/FreeSurferSD/062_S_1299
[  FS  ] Loading subject /run/media/sssilvar/2A3CA00E3C9FD2E5/Users/Smith/Documents/FreeSurferSD/062_S_1299
[  OK  ] Concatenating DataFrames
[  OK  ] Processing data
/run/media/sssilvar/2A3CA00E3C9FD2E5/Users/Smith/Documents/FreeSurferSD/067_S_0045
[  FS  ] Loading subject /run/media/sssilvar/2A3CA00E3C9FD2E5/Users/Smith/Documents/FreeSurferSD/067_S_0045
[  OK  ] Concatenating DataFrames
[  OK  ] Processing data
/run/media/sssilvar/2A3CA00E3C9FD2E5/Users/Smith/Documents/FreeSurferSD/067_S_0077
[  FS  ] Loading subject /run/media/sssilvar/2A3CA00E3C9FD2E5/Users/Smith/Documents/FreeSurferSD/067_S_0077
[  OK  ] Concatenating DataFrames
[  OK  ] Processing data
/run/media/sssilvar/2A3CA00E3C9FD2E5/Users/Smith/Documents/FreeSurferSD/067_S_0243
[  FS  ] Loading subject /run/media/sssilvar/2A3CA00E3C9FD2E5/Users/Smith/Documents/FreeSurferSD/067_S_0243
[  OK  ] Concatenating DataFrames
[  OK  ] Processing data
/run/media/sssilvar/2A3CA00E3C9FD2E5/Users/Smith/Documents/FreeSurferSD/067_S_0336
[  FS  ] Loading subject /run/media/sssilvar/2A3CA00E3C9FD2E5/Users/Smith/Documents/FreeSurferSD/067_S_0336
[  OK  ] Concatenating DataFrames
[  OK  ] Processing data
/run/media/sssilvar/2A3CA00E3C9FD2E5/Users/Smith/Documents/FreeSurferSD/073_S_0746
[  FS  ] Loading subject /run/media/sssilvar/2A3CA00E3C9FD2E5/Users/Smith/Documents/FreeSurferSD/073_S_0746
[  OK  ] Concatenating DataFrames
[  OK  ] Processing data
/run/media/sssilvar/2A3CA00E3C9FD2E5/Users/Smith/Documents/FreeSurferSD/073_S_0909
[  FS  ] Loading subject /run/media/sssilvar/2A3CA00E3C9FD2E5/Users/Smith/Documents/FreeSurferSD/073_S_0909
[  OK  ] Concatenating DataFrames
[  OK  ] Processing data
/run/media/sssilvar/2A3CA00E3C9FD2E5/Users/Smith/Documents/FreeSurferSD/082_S_1119
[  FS  ] Loading subject /run/media/sssilvar/2A3CA00E3C9FD2E5/Users/Smith/Documents/FreeSurferSD/082_S_1119
[  OK  ] Concatenating DataFrames
[  OK  ] Processing data
/run/media/sssilvar/2A3CA00E3C9FD2E5/Users/Smith/Documents/FreeSurferSD/094_S_0434
[  FS  ] Loading subject /run/media/sssilvar/2A3CA00E3C9FD2E5/Users/Smith/Documents/FreeSurferSD/094_S_0434
[  OK  ] Concatenating DataFrames
[  OK  ] Processing data
/run/media/sssilvar/2A3CA00E3C9FD2E5/Users/Smith/Documents/FreeSurferSD/094_S_0531
[  FS  ] Loading subject /run/media/sssilvar/2A3CA00E3C9FD2E5/Users/Smith/Documents/FreeSurferSD/094_S_0531
[  OK  ] Concatenating DataFrames
[  OK  ] Processing data
/run/media/sssilvar/2A3CA00E3C9FD2E5/Users/Smith/Documents/FreeSurferSD/094_S_0921
[  FS  ] Loading subject /run/media/sssilvar/2A3CA00E3C9FD2E5/Users/Smith/Documents/FreeSurferSD/094_S_0921
[  OK  ] Concatenating DataFrames
[  OK  ] Processing data
/run/media/sssilvar/2A3CA00E3C9FD2E5/Users/Smith/Documents/FreeSurferSD/094_S_1015
[  FS  ] Loading subject /run/media/sssilvar/2A3CA00E3C9FD2E5/Users/Smith/Documents/FreeSurferSD/094_S_1015
[  OK  ] Concatenating DataFrames
[  OK  ] Processing data
/run/media/sssilvar/2A3CA00E3C9FD2E5/Users/Smith/Documents/FreeSurferSD/094_S_1293
[  FS  ] Loading subject /run/media/sssilvar/2A3CA00E3C9FD2E5/Users/Smith/Documents/FreeSurferSD/094_S_1293
[  OK  ] Concatenating DataFrames
[  OK  ] Processing data
/run/media/sssilvar/2A3CA00E3C9FD2E5/Users/Smith/Documents/FreeSurferSD/094_S_1314
[  FS  ] Loading subject /run/media/sssilvar/2A3CA00E3C9FD2E5/Users/Smith/Documents/FreeSurferSD/094_S_1314
[  OK  ] Concatenating DataFrames
[  OK  ] Processing data
/run/media/sssilvar/2A3CA00E3C9FD2E5/Users/Smith/Documents/FreeSurferSD/094_S_1330
[  FS  ] Loading subject /run/media/sssilvar/2A3CA00E3C9FD2E5/Users/Smith/Documents/FreeSurferSD/094_S_1330
[  OK  ] Concatenating DataFrames
[  OK  ] Processing data
/run/media/sssilvar/2A3CA00E3C9FD2E5/Users/Smith/Documents/FreeSurferSD/094_S_1398
[  FS  ] Loading subject /run/media/sssilvar/2A3CA00E3C9FD2E5/Users/Smith/Documents/FreeSurferSD/094_S_1398
[  OK  ] Concatenating DataFrames
[  OK  ] Processing data
/run/media/sssilvar/2A3CA00E3C9FD2E5/Users/Smith/Documents/FreeSurferSD/098_S_0160
[  FS  ] Loading subject /run/media/sssilvar/2A3CA00E3C9FD2E5/Users/Smith/Documents/FreeSurferSD/098_S_0160
[  OK  ] Concatenating DataFrames
[  OK  ] Processing data
/run/media/sssilvar/2A3CA00E3C9FD2E5/Users/Smith/Documents/FreeSurferSD/098_S_0269
[  FS  ] Loading subject /run/media/sssilvar/2A3CA00E3C9FD2E5/Users/Smith/Documents/FreeSurferSD/098_S_0269
[  OK  ] Concatenating DataFrames
[  OK  ] Processing data
/run/media/sssilvar/2A3CA00E3C9FD2E5/Users/Smith/Documents/FreeSurferSD/098_S_0667
[  FS  ] Loading subject /run/media/sssilvar/2A3CA00E3C9FD2E5/Users/Smith/Documents/FreeSurferSD/098_S_0667
[  OK  ] Concatenating DataFrames
[  OK  ] Processing data
/run/media/sssilvar/2A3CA00E3C9FD2E5/Users/Smith/Documents/FreeSurferSD/099_S_0051
[  FS  ] Loading subject /run/media/sssilvar/2A3CA00E3C9FD2E5/Users/Smith/Documents/FreeSurferSD/099_S_0051
[  OK  ] Concatenating DataFrames
[  OK  ] Processing data
/run/media/sssilvar/2A3CA00E3C9FD2E5/Users/Smith/Documents/FreeSurferSD/099_S_0054
[  FS  ] Loading subject /run/media/sssilvar/2A3CA00E3C9FD2E5/Users/Smith/Documents/FreeSurferSD/099_S_0054
[  OK  ] Concatenating DataFrames
[  OK  ] Processing data
/run/media/sssilvar/2A3CA00E3C9FD2E5/Users/Smith/Documents/FreeSurferSD/099_S_0060
[  FS  ] Loading subject /run/media/sssilvar/2A3CA00E3C9FD2E5/Users/Smith/Documents/FreeSurferSD/099_S_0060
[  OK  ] Concatenating DataFrames
[  OK  ] Processing data
/run/media/sssilvar/2A3CA00E3C9FD2E5/Users/Smith/Documents/FreeSurferSD/099_S_0111
[  FS  ] Loading subject /run/media/sssilvar/2A3CA00E3C9FD2E5/Users/Smith/Documents/FreeSurferSD/099_S_0111
[  OK  ] Concatenating DataFrames
[  OK  ] Processing data
/run/media/sssilvar/2A3CA00E3C9FD2E5/Users/Smith/Documents/FreeSurferSD/099_S_0291
[  FS  ] Loading subject /run/media/sssilvar/2A3CA00E3C9FD2E5/Users/Smith/Documents/FreeSurferSD/099_S_0291
[  OK  ] Concatenating DataFrames
[  OK  ] Processing data
/run/media/sssilvar/2A3CA00E3C9FD2E5/Users/Smith/Documents/FreeSurferSD/099_S_1034
[  FS  ] Loading subject /run/media/sssilvar/2A3CA00E3C9FD2E5/Users/Smith/Documents/FreeSurferSD/099_S_1034
[  OK  ] Concatenating DataFrames
[  OK  ] Processing data
/run/media/sssilvar/2A3CA00E3C9FD2E5/Users/Smith/Documents/FreeSurferSD/109_S_0950
[  FS  ] Loading subject /run/media/sssilvar/2A3CA00E3C9FD2E5/Users/Smith/Documents/FreeSurferSD/109_S_0950
[  OK  ] Concatenating DataFrames
[  OK  ] Processing data
/run/media/sssilvar/2A3CA00E3C9FD2E5/Users/Smith/Documents/FreeSurferSD/109_S_1114
[  FS  ] Loading subject /run/media/sssilvar/2A3CA00E3C9FD2E5/Users/Smith/Documents/FreeSurferSD/109_S_1114
[  OK  ] Concatenating DataFrames
[  OK  ] Processing data
/run/media/sssilvar/2A3CA00E3C9FD2E5/Users/Smith/Documents/FreeSurferSD/109_S_1183
[  FS  ] Loading subject /run/media/sssilvar/2A3CA00E3C9FD2E5/Users/Smith/Documents/FreeSurferSD/109_S_1183
[  OK  ] Concatenating DataFrames
[  OK  ] Processing data
/run/media/sssilvar/2A3CA00E3C9FD2E5/Users/Smith/Documents/FreeSurferSD/114_S_0378
[  FS  ] Loading subject /run/media/sssilvar/2A3CA00E3C9FD2E5/Users/Smith/Documents/FreeSurferSD/114_S_0378
[  OK  ] Concatenating DataFrames
[  OK  ] Processing data
/run/media/sssilvar/2A3CA00E3C9FD2E5/Users/Smith/Documents/FreeSurferSD/114_S_0410
[  FS  ] Loading subject /run/media/sssilvar/2A3CA00E3C9FD2E5/Users/Smith/Documents/FreeSurferSD/114_S_0410
[  OK  ] Concatenating DataFrames
[  OK  ] Processing data
/run/media/sssilvar/2A3CA00E3C9FD2E5/Users/Smith/Documents/FreeSurferSD/114_S_0458
[  FS  ] Loading subject /run/media/sssilvar/2A3CA00E3C9FD2E5/Users/Smith/Documents/FreeSurferSD/114_S_0458
[  OK  ] Concatenating DataFrames
[  OK  ] Processing data
/run/media/sssilvar/2A3CA00E3C9FD2E5/Users/Smith/Documents/FreeSurferSD/114_S_1103
[  FS  ] Loading subject /run/media/sssilvar/2A3CA00E3C9FD2E5/Users/Smith/Documents/FreeSurferSD/114_S_1103
[  OK  ] Concatenating DataFrames
[  OK  ] Processing data
/run/media/sssilvar/2A3CA00E3C9FD2E5/Users/Smith/Documents/FreeSurferSD/114_S_1106
[  FS  ] Loading subject /run/media/sssilvar/2A3CA00E3C9FD2E5/Users/Smith/Documents/FreeSurferSD/114_S_1106
[  OK  ] Concatenating DataFrames
[  OK  ] Processing data
/run/media/sssilvar/2A3CA00E3C9FD2E5/Users/Smith/Documents/FreeSurferSD/114_S_1118
[  FS  ] Loading subject /run/media/sssilvar/2A3CA00E3C9FD2E5/Users/Smith/Documents/FreeSurferSD/114_S_1118
[  OK  ] Concatenating DataFrames
[  OK  ] Processing data
/run/media/sssilvar/2A3CA00E3C9FD2E5/Users/Smith/Documents/FreeSurferSD/126_S_0708
[  FS  ] Loading subject /run/media/sssilvar/2A3CA00E3C9FD2E5/Users/Smith/Documents/FreeSurferSD/126_S_0708
[  OK  ] Concatenating DataFrames
[  OK  ] Processing data
/run/media/sssilvar/2A3CA00E3C9FD2E5/Users/Smith/Documents/FreeSurferSD/126_S_0709
[  FS  ] Loading subject /run/media/sssilvar/2A3CA00E3C9FD2E5/Users/Smith/Documents/FreeSurferSD/126_S_0709
[  OK  ] Concatenating DataFrames
[  OK  ] Processing data
/run/media/sssilvar/2A3CA00E3C9FD2E5/Users/Smith/Documents/FreeSurferSD/126_S_0865
[  FS  ] Loading subject /run/media/sssilvar/2A3CA00E3C9FD2E5/Users/Smith/Documents/FreeSurferSD/126_S_0865
[  OK  ] Concatenating DataFrames
[  OK  ] Processing data
/run/media/sssilvar/2A3CA00E3C9FD2E5/Users/Smith/Documents/FreeSurferSD/126_S_1077
[  FS  ] Loading subject /run/media/sssilvar/2A3CA00E3C9FD2E5/Users/Smith/Documents/FreeSurferSD/126_S_1077
[  OK  ] Concatenating DataFrames
[  OK  ] Processing data
/run/media/sssilvar/2A3CA00E3C9FD2E5/Users/Smith/Documents/FreeSurferSD/126_S_1187
[  FS  ] Loading subject /run/media/sssilvar/2A3CA00E3C9FD2E5/Users/Smith/Documents/FreeSurferSD/126_S_1187
[  OK  ] Concatenating DataFrames
[  OK  ] Processing data
/run/media/sssilvar/2A3CA00E3C9FD2E5/Users/Smith/Documents/FreeSurferSD/127_S_0112
[  FS  ] Loading subject /run/media/sssilvar/2A3CA00E3C9FD2E5/Users/Smith/Documents/FreeSurferSD/127_S_0112
[  OK  ] Concatenating DataFrames
[  OK  ] Processing data
/run/media/sssilvar/2A3CA00E3C9FD2E5/Users/Smith/Documents/FreeSurferSD/127_S_0393
[  FS  ] Loading subject /run/media/sssilvar/2A3CA00E3C9FD2E5/Users/Smith/Documents/FreeSurferSD/127_S_0393
[  OK  ] Concatenating DataFrames
[  OK  ] Processing data
/run/media/sssilvar/2A3CA00E3C9FD2E5/Users/Smith/Documents/FreeSurferSD/127_S_0394
[  FS  ] Loading subject /run/media/sssilvar/2A3CA00E3C9FD2E5/Users/Smith/Documents/FreeSurferSD/127_S_0394
[  OK  ] Concatenating DataFrames
[  OK  ] Processing data
/run/media/sssilvar/2A3CA00E3C9FD2E5/Users/Smith/Documents/FreeSurferSD/127_S_0925
[  FS  ] Loading subject /run/media/sssilvar/2A3CA00E3C9FD2E5/Users/Smith/Documents/FreeSurferSD/127_S_0925
[  OK  ] Concatenating DataFrames
[  OK  ] Processing data
/run/media/sssilvar/2A3CA00E3C9FD2E5/Users/Smith/Documents/FreeSurferSD/127_S_1032
[  FS  ] Loading subject /run/media/sssilvar/2A3CA00E3C9FD2E5/Users/Smith/Documents/FreeSurferSD/127_S_1032
[  OK  ] Concatenating DataFrames
[  OK  ] Processing data
/run/media/sssilvar/2A3CA00E3C9FD2E5/Users/Smith/Documents/FreeSurferSD/127_S_1140
[  FS  ] Loading subject /run/media/sssilvar/2A3CA00E3C9FD2E5/Users/Smith/Documents/FreeSurferSD/127_S_1140
[  OK  ] Concatenating DataFrames
[  OK  ] Processing data
/run/media/sssilvar/2A3CA00E3C9FD2E5/Users/Smith/Documents/FreeSurferSD/127_S_1427
[  FS  ] Loading subject /run/media/sssilvar/2A3CA00E3C9FD2E5/Users/Smith/Documents/FreeSurferSD/127_S_1427
[  OK  ] Concatenating DataFrames
[  OK  ] Processing data
/run/media/sssilvar/2A3CA00E3C9FD2E5/Users/Smith/Documents/FreeSurferSD/128_S_0947
[  FS  ] Loading subject /run/media/sssilvar/2A3CA00E3C9FD2E5/Users/Smith/Documents/FreeSurferSD/128_S_0947
[  OK  ] Concatenating DataFrames
[  OK  ] Processing data
/run/media/sssilvar/2A3CA00E3C9FD2E5/Users/Smith/Documents/FreeSurferSD/128_S_1043
[  FS  ] Loading subject /run/media/sssilvar/2A3CA00E3C9FD2E5/Users/Smith/Documents/FreeSurferSD/128_S_1043
[  OK  ] Concatenating DataFrames
[  OK  ] Processing data
/run/media/sssilvar/2A3CA00E3C9FD2E5/Users/Smith/Documents/FreeSurferSD/130_S_0102
[  FS  ] Loading subject /run/media/sssilvar/2A3CA00E3C9FD2E5/Users/Smith/Documents/FreeSurferSD/130_S_0102
[  OK  ] Concatenating DataFrames
[  OK  ] Processing data
/run/media/sssilvar/2A3CA00E3C9FD2E5/Users/Smith/Documents/FreeSurferSD/130_S_0285
[  FS  ] Loading subject /run/media/sssilvar/2A3CA00E3C9FD2E5/Users/Smith/Documents/FreeSurferSD/130_S_0285
[  OK  ] Concatenating DataFrames
[  OK  ] Processing data
/run/media/sssilvar/2A3CA00E3C9FD2E5/Users/Smith/Documents/FreeSurferSD/130_S_0289
[  FS  ] Loading subject /run/media/sssilvar/2A3CA00E3C9FD2E5/Users/Smith/Documents/FreeSurferSD/130_S_0289
[  OK  ] Concatenating DataFrames
[  OK  ] Processing data
/run/media/sssilvar/2A3CA00E3C9FD2E5/Users/Smith/Documents/FreeSurferSD/130_S_0423
[  FS  ] Loading subject /run/media/sssilvar/2A3CA00E3C9FD2E5/Users/Smith/Documents/FreeSurferSD/130_S_0423
[  OK  ] Concatenating DataFrames
[  OK  ] Processing data
/run/media/sssilvar/2A3CA00E3C9FD2E5/Users/Smith/Documents/FreeSurferSD/130_S_0449
[  FS  ] Loading subject /run/media/sssilvar/2A3CA00E3C9FD2E5/Users/Smith/Documents/FreeSurferSD/130_S_0449
[  OK  ] Concatenating DataFrames
[  OK  ] Processing data
/run/media/sssilvar/2A3CA00E3C9FD2E5/Users/Smith/Documents/FreeSurferSD/130_S_0505
[  FS  ] Loading subject /run/media/sssilvar/2A3CA00E3C9FD2E5/Users/Smith/Documents/FreeSurferSD/130_S_0505
[  OK  ] Concatenating DataFrames
[  OK  ] Processing data
/run/media/sssilvar/2A3CA00E3C9FD2E5/Users/Smith/Documents/FreeSurferSD/130_S_0783
[  FS  ] Loading subject /run/media/sssilvar/2A3CA00E3C9FD2E5/Users/Smith/Documents/FreeSurferSD/130_S_0783
[  OK  ] Concatenating DataFrames
[  OK  ] Processing data
/run/media/sssilvar/2A3CA00E3C9FD2E5/Users/Smith/Documents/FreeSurferSD/131_S_0384
[  FS  ] Loading subject /run/media/sssilvar/2A3CA00E3C9FD2E5/Users/Smith/Documents/FreeSurferSD/131_S_0384
[  OK  ] Concatenating DataFrames
[  OK  ] Processing data
/run/media/sssilvar/2A3CA00E3C9FD2E5/Users/Smith/Documents/FreeSurferSD/133_S_0629
[  FS  ] Loading subject /run/media/sssilvar/2A3CA00E3C9FD2E5/Users/Smith/Documents/FreeSurferSD/133_S_0629
[  OK  ] Concatenating DataFrames
[  OK  ] Processing data
/run/media/sssilvar/2A3CA00E3C9FD2E5/Users/Smith/Documents/FreeSurferSD/133_S_0638
[  FS  ] Loading subject /run/media/sssilvar/2A3CA00E3C9FD2E5/Users/Smith/Documents/FreeSurferSD/133_S_0638
[  OK  ] Concatenating DataFrames
[  OK  ] Processing data
/run/media/sssilvar/2A3CA00E3C9FD2E5/Users/Smith/Documents/FreeSurferSD/133_S_0727
[  FS  ] Loading subject /run/media/sssilvar/2A3CA00E3C9FD2E5/Users/Smith/Documents/FreeSurferSD/133_S_0727
[  OK  ] Concatenating DataFrames
[  OK  ] Processing data
/run/media/sssilvar/2A3CA00E3C9FD2E5/Users/Smith/Documents/FreeSurferSD/133_S_0771
[  FS  ] Loading subject /run/media/sssilvar/2A3CA00E3C9FD2E5/Users/Smith/Documents/FreeSurferSD/133_S_0771
[  OK  ] Concatenating DataFrames
[  OK  ] Processing data
/run/media/sssilvar/2A3CA00E3C9FD2E5/Users/Smith/Documents/FreeSurferSD/133_S_0792
[  FS  ] Loading subject /run/media/sssilvar/2A3CA00E3C9FD2E5/Users/Smith/Documents/FreeSurferSD/133_S_0792
[  OK  ] Concatenating DataFrames
[  OK  ] Processing data
/run/media/sssilvar/2A3CA00E3C9FD2E5/Users/Smith/Documents/FreeSurferSD/133_S_0912
[  FS  ] Loading subject /run/media/sssilvar/2A3CA00E3C9FD2E5/Users/Smith/Documents/FreeSurferSD/133_S_0912
[  OK  ] Concatenating DataFrames
[  OK  ] Processing data
/run/media/sssilvar/2A3CA00E3C9FD2E5/Users/Smith/Documents/FreeSurferSD/133_S_0913
[  FS  ] Loading subject /run/media/sssilvar/2A3CA00E3C9FD2E5/Users/Smith/Documents/FreeSurferSD/133_S_0913
[  OK  ] Concatenating DataFrames
[  OK  ] Processing data
/run/media/sssilvar/2A3CA00E3C9FD2E5/Users/Smith/Documents/FreeSurferSD/133_S_1031
[  FS  ] Loading subject /run/media/sssilvar/2A3CA00E3C9FD2E5/Users/Smith/Documents/FreeSurferSD/133_S_1031
[  OK  ] Concatenating DataFrames
[  OK  ] Processing data
/run/media/sssilvar/2A3CA00E3C9FD2E5/Users/Smith/Documents/FreeSurferSD/136_S_0107
[  FS  ] Loading subject /run/media/sssilvar/2A3CA00E3C9FD2E5/Users/Smith/Documents/FreeSurferSD/136_S_0107
[  OK  ] Concatenating DataFrames
[  OK  ] Processing data
/run/media/sssilvar/2A3CA00E3C9FD2E5/Users/Smith/Documents/FreeSurferSD/136_S_0195
[  FS  ] Loading subject /run/media/sssilvar/2A3CA00E3C9FD2E5/Users/Smith/Documents/FreeSurferSD/136_S_0195
[  OK  ] Concatenating DataFrames
[  OK  ] Processing data
/run/media/sssilvar/2A3CA00E3C9FD2E5/Users/Smith/Documents/FreeSurferSD/136_S_0429
[  FS  ] Loading subject /run/media/sssilvar/2A3CA00E3C9FD2E5/Users/Smith/Documents/FreeSurferSD/136_S_0429
[  OK  ] Concatenating DataFrames
[  OK  ] Processing data
/run/media/sssilvar/2A3CA00E3C9FD2E5/Users/Smith/Documents/FreeSurferSD/136_S_0579
[  FS  ] Loading subject /run/media/sssilvar/2A3CA00E3C9FD2E5/Users/Smith/Documents/FreeSurferSD/136_S_0579
[  OK  ] Concatenating DataFrames
[  OK  ] Processing data
/run/media/sssilvar/2A3CA00E3C9FD2E5/Users/Smith/Documents/FreeSurferSD/136_S_0695
[  FS  ] Loading subject /run/media/sssilvar/2A3CA00E3C9FD2E5/Users/Smith/Documents/FreeSurferSD/136_S_0695
[  OK  ] Concatenating DataFrames
[  OK  ] Processing data
/run/media/sssilvar/2A3CA00E3C9FD2E5/Users/Smith/Documents/FreeSurferSD/136_S_0874
[  FS  ] Loading subject /run/media/sssilvar/2A3CA00E3C9FD2E5/Users/Smith/Documents/FreeSurferSD/136_S_0874
[  OK  ] Concatenating DataFrames
[  OK  ] Processing data
/run/media/sssilvar/2A3CA00E3C9FD2E5/Users/Smith/Documents/FreeSurferSD/136_S_1227
[  FS  ] Loading subject /run/media/sssilvar/2A3CA00E3C9FD2E5/Users/Smith/Documents/FreeSurferSD/136_S_1227
[  OK  ] Concatenating DataFrames
[  OK  ] Processing data
/run/media/sssilvar/2A3CA00E3C9FD2E5/Users/Smith/Documents/FreeSurferSD/141_S_0697
[  FS  ] Loading subject /run/media/sssilvar/2A3CA00E3C9FD2E5/Users/Smith/Documents/FreeSurferSD/141_S_0697
[  OK  ] Concatenating DataFrames
[  OK  ] Processing data
/run/media/sssilvar/2A3CA00E3C9FD2E5/Users/Smith/Documents/FreeSurferSD/141_S_0851
[  FS  ] Loading subject /run/media/sssilvar/2A3CA00E3C9FD2E5/Users/Smith/Documents/FreeSurferSD/141_S_0851
[  OK  ] Concatenating DataFrames
[  OK  ] Processing data
/run/media/sssilvar/2A3CA00E3C9FD2E5/Users/Smith/Documents/FreeSurferSD/141_S_0915
[  FS  ] Loading subject /run/media/sssilvar/2A3CA00E3C9FD2E5/Users/Smith/Documents/FreeSurferSD/141_S_0915
[  OK  ] Concatenating DataFrames
[  OK  ] Processing data
/run/media/sssilvar/2A3CA00E3C9FD2E5/Users/Smith/Documents/FreeSurferSD/141_S_0982
[  FS  ] Loading subject /run/media/sssilvar/2A3CA00E3C9FD2E5/Users/Smith/Documents/FreeSurferSD/141_S_0982
[  OK  ] Concatenating DataFrames
[  OK  ] Processing data
/run/media/sssilvar/2A3CA00E3C9FD2E5/Users/Smith/Documents/FreeSurferSD/141_S_1052
[  FS  ] Loading subject /run/media/sssilvar/2A3CA00E3C9FD2E5/Users/Smith/Documents/FreeSurferSD/141_S_1052
[  OK  ] Concatenating DataFrames
[  OK  ] Processing data
/run/media/sssilvar/2A3CA00E3C9FD2E5/Users/Smith/Documents/FreeSurferSD/141_S_1244
[  FS  ] Loading subject /run/media/sssilvar/2A3CA00E3C9FD2E5/Users/Smith/Documents/FreeSurferSD/141_S_1244
[  OK  ] Concatenating DataFrames
[  OK  ] Processing data
/run/media/sssilvar/2A3CA00E3C9FD2E5/Users/Smith/Documents/FreeSurferSD/941_S_1295
[  FS  ] Loading subject /run/media/sssilvar/2A3CA00E3C9FD2E5/Users/Smith/Documents/FreeSurferSD/941_S_1295
[  OK  ] Concatenating DataFrames
[  OK  ] Processing data
/run/media/sssilvar/2A3CA00E3C9FD2E5/Users/Smith/Documents/FreeSurferSD/941_S_1311
[  FS  ] Loading subject /run/media/sssilvar/2A3CA00E3C9FD2E5/Users/Smith/Documents/FreeSurferSD/941_S_1311
[  OK  ] Concatenating DataFrames
[  OK  ] Processing data
/run/media/sssilvar/2A3CA00E3C9FD2E5/Users/Smith/Documents/FreeSurferSD/941_S_1363
[  FS  ] Loading subject /run/media/sssilvar/2A3CA00E3C9FD2E5/Users/Smith/Documents/FreeSurferSD/941_S_1363
[  OK  ] Concatenating DataFrames
[  OK  ] Processing data
[  OK  ] Process finished with 1 errors
List of subjects with errors: 
 ['011_S_0856']
Traceback (most recent call last):
  File "conversion_detect_vol_tk.py", line 89, in <module>
    features_df = features_df.drop(['Unnamed: 0', 'index'], axis=1)  # Clean Dataframe
  File "/usr/lib64/python2.7/site-packages/pandas/core/generic.py", line 2530, in drop
    obj = obj._drop_axis(labels, axis, level=level, errors=errors)
  File "/usr/lib64/python2.7/site-packages/pandas/core/generic.py", line 2562, in _drop_axis
    new_axis = axis.drop(labels, errors=errors)
  File "/usr/lib64/python2.7/site-packages/pandas/core/indexes/base.py", line 3744, in drop
    labels[mask])
ValueError: labels ['Unnamed: 0'] not contained in axis
