[  OK  ] Relevant features:

+-----------------------------------------+--------------+
| ROI                                     |        Alpha |
+=========================================+==============+
| int_cov_Brain-Stem_2                    |  2.28562e-05 |
+-----------------------------------------+--------------+
| int_cov_Brain-Stem_3                    | -0.000412105 |
+-----------------------------------------+--------------+
| int_cov_Left-Cerebellum-Cortex_3        |  0.000261633 |
+-----------------------------------------+--------------+
| int_cov_Left-Cerebellum-White-Matter_3  |  0.000271562 |
+-----------------------------------------+--------------+
| int_cov_Left-Cerebral-White-Matter_0    |  0.000666636 |
+-----------------------------------------+--------------+
| int_cov_Left-Thalamus-Proper_2          | -0.000601004 |
+-----------------------------------------+--------------+
| int_cov_Left-Thalamus-Proper_3          |  8.3464e-06  |
+-----------------------------------------+--------------+
| int_cov_Left-Thalamus-Proper_4          |  9.38327e-05 |
+-----------------------------------------+--------------+
| int_cov_Left-Thalamus-Proper_5          | -0.000262167 |
+-----------------------------------------+--------------+
| int_cov_Right-Cerebellum-White-Matter_4 |  0.000676093 |
+-----------------------------------------+--------------+
| int_cov_Right-Cerebral-White-Matter_3   |  0.00045466  |
+-----------------------------------------+--------------+
| int_cov_Right-Cerebral-White-Matter_4   |  0.000242657 |
+-----------------------------------------+--------------+
| int_cov_Right-Thalamus-Proper_0         |  0.000439408 |
+-----------------------------------------+--------------+
| int_cov_Right-VentralDC_4               | -0.000257446 |
+-----------------------------------------+--------------+
| int_cov_WM-hypointensities_2            |  0.000244058 |
+-----------------------------------------+--------------+
| r_cov_3rd-Ventricle_2                   |  0.000621983 |
+-----------------------------------------+--------------+
| r_cov_Brain-Stem_0                      | -1.97027e-05 |
+-----------------------------------------+--------------+
| r_cov_Brain-Stem_1                      |  0.000164521 |
+-----------------------------------------+--------------+
| r_cov_Brain-Stem_2                      |  7.96391e-05 |
+-----------------------------------------+--------------+
| r_cov_Brain-Stem_3                      | -2.93786e-05 |
+-----------------------------------------+--------------+
| r_cov_Brain-Stem_4                      |  6.46072e-05 |
+-----------------------------------------+--------------+
| r_cov_Brain-Stem_5                      |  3.96901e-05 |
+-----------------------------------------+--------------+
| r_cov_CC_Anterior_1                     |  0.00128036  |
+-----------------------------------------+--------------+
| r_cov_CC_Anterior_3                     |  0.000668643 |
+-----------------------------------------+--------------+
| r_cov_CC_Anterior_4                     | -0.000841393 |
+-----------------------------------------+--------------+
| r_cov_CC_Central_2                      | -0.000176565 |
+-----------------------------------------+--------------+
| r_cov_CC_Central_5                      |  4.10293e-05 |
+-----------------------------------------+--------------+
| r_cov_CC_Mid_Anterior_2                 |  0.000265931 |
+-----------------------------------------+--------------+
| r_cov_CC_Mid_Anterior_3                 |  0.000114224 |
+-----------------------------------------+--------------+
| r_cov_CC_Mid_Anterior_4                 | -9.39151e-05 |
+-----------------------------------------+--------------+
| r_cov_CC_Mid_Posterior_1                | -0.000683294 |
+-----------------------------------------+--------------+
| r_cov_CC_Posterior_0                    |  0.000108175 |
+-----------------------------------------+--------------+
| r_cov_CC_Posterior_2                    | -0.000119557 |
+-----------------------------------------+--------------+
| r_cov_CC_Posterior_3                    |  0.000239423 |
+-----------------------------------------+--------------+
| r_cov_CC_Posterior_5                    |  4.76258e-05 |
+-----------------------------------------+--------------+
| r_cov_Left-Cerebellum-White-Matter_1    |  1.30151e-05 |
+-----------------------------------------+--------------+
| r_cov_Left-Cerebellum-White-Matter_2    | -0.000182488 |
+-----------------------------------------+--------------+
| r_cov_Left-Cerebellum-White-Matter_4    | -1.94302e-05 |
+-----------------------------------------+--------------+
| r_cov_Left-Cerebellum-White-Matter_5    | -5.11007e-06 |
+-----------------------------------------+--------------+
| r_cov_Left-Lateral-Ventricle_0          |  0.00014223  |
+-----------------------------------------+--------------+
| r_cov_Left-Lateral-Ventricle_1          |  0.000151063 |
+-----------------------------------------+--------------+
| r_cov_Left-Lateral-Ventricle_2          | -0.00030137  |
+-----------------------------------------+--------------+
| r_cov_Left-Lateral-Ventricle_4          |  3.61017e-05 |
+-----------------------------------------+--------------+
| r_cov_Left-Pallidum_4                   | -7.91379e-05 |
+-----------------------------------------+--------------+
| r_cov_Left-Putamen_4                    | -8.35696e-05 |
+-----------------------------------------+--------------+
| r_cov_Left-Thalamus-Proper_0            | -0.000207326 |
+-----------------------------------------+--------------+
| r_cov_Left-Thalamus-Proper_3            | -3.90198e-05 |
+-----------------------------------------+--------------+
| r_cov_Left-Thalamus-Proper_4            |  7.68619e-06 |
+-----------------------------------------+--------------+
| r_cov_Left-VentralDC_0                  | -0.00034185  |
+-----------------------------------------+--------------+
| r_cov_Left-VentralDC_2                  | -0.000110143 |
+-----------------------------------------+--------------+
| r_cov_Left-VentralDC_4                  |  7.04715e-06 |
+-----------------------------------------+--------------+
| r_cov_Left-VentralDC_5                  | -0.000125872 |
+-----------------------------------------+--------------+
| r_cov_Left-choroid-plexus_5             |  0.00048504  |
+-----------------------------------------+--------------+
| r_cov_Optic-Chiasm_0                    | -0.000387754 |
+-----------------------------------------+--------------+
| r_cov_Optic-Chiasm_3                    |  0.000473129 |
+-----------------------------------------+--------------+
| r_cov_Optic-Chiasm_4                    |  0.000121663 |
+-----------------------------------------+--------------+
| r_cov_Right-Amygdala_5                  |  0.000443236 |
+-----------------------------------------+--------------+
| r_cov_Right-Cerebellum-White-Matter_0   | -4.51034e-05 |
+-----------------------------------------+--------------+
| r_cov_Right-Cerebellum-White-Matter_1   | -0.000147398 |
+-----------------------------------------+--------------+
| r_cov_Right-Cerebellum-White-Matter_2   | -0.000223777 |
+-----------------------------------------+--------------+
| r_cov_Right-Cerebellum-White-Matter_5   | -0.000101907 |
+-----------------------------------------+--------------+
| r_cov_Right-Cerebral-White-Matter_5     |  2.67187e-06 |
+-----------------------------------------+--------------+
| r_cov_Right-Hippocampus_5               | -0.000748694 |
+-----------------------------------------+--------------+
| r_cov_Right-Inf-Lat-Vent_0              |  0.000191747 |
+-----------------------------------------+--------------+
| r_cov_Right-Inf-Lat-Vent_4              | -0.000458024 |
+-----------------------------------------+--------------+
| r_cov_Right-Lateral-Ventricle_0         |  9.74337e-05 |
+-----------------------------------------+--------------+
| r_cov_Right-Lateral-Ventricle_1         | -0.000154969 |
+-----------------------------------------+--------------+
| r_cov_Right-Lateral-Ventricle_5         | -0.000103201 |
+-----------------------------------------+--------------+
| r_cov_Right-Putamen_4                   | -0.000220693 |
+-----------------------------------------+--------------+
| r_cov_Right-Thalamus-Proper_1           | -1.65705e-05 |
+-----------------------------------------+--------------+
| r_cov_Right-Thalamus-Proper_3           |  0.000425654 |
+-----------------------------------------+--------------+
| r_cov_Right-Thalamus-Proper_4           |  0.000290193 |
+-----------------------------------------+--------------+
| r_cov_Right-Thalamus-Proper_5           | -4.36825e-05 |
+-----------------------------------------+--------------+
| r_cov_Right-VentralDC_0                 | -0.000102983 |
+-----------------------------------------+--------------+
| r_cov_Right-VentralDC_2                 |  0.000695439 |
+-----------------------------------------+--------------+
| r_cov_Right-VentralDC_4                 |  0.000189925 |
+-----------------------------------------+--------------+
| r_cov_Right-VentralDC_5                 |  6.67137e-06 |
+-----------------------------------------+--------------+
| r_cov_Right-choroid-plexus_0            | -0.000601986 |
+-----------------------------------------+--------------+
| r_cov_WM-hypointensities_0              | -8.09975e-05 |
+-----------------------------------------+--------------+
| r_cov_WM-hypointensities_2              |  0.000128032 |
+-----------------------------------------+--------------+
| r_cov_WM-hypointensities_3              |  0.000358843 |
+-----------------------------------------+--------------+
| r_mean_3rd-Ventricle_4                  | -0.000719776 |
+-----------------------------------------+--------------+
| r_mean_4th-Ventricle_4                  | -0.000308553 |
+-----------------------------------------+--------------+
| r_mean_CC_Mid_Posterior_0               |  0.000375135 |
+-----------------------------------------+--------------+
| r_mean_CC_Mid_Posterior_2               | -0.000106487 |
+-----------------------------------------+--------------+
| r_mean_CSF_4                            |  0.000880445 |
+-----------------------------------------+--------------+
| r_mean_Left-Amygdala_1                  | -3.13111e-05 |
+-----------------------------------------+--------------+
| r_mean_Left-Caudate_4                   | -3.39697e-05 |
+-----------------------------------------+--------------+
| r_mean_Left-Cerebral-White-Matter_4     | -0.000841964 |
+-----------------------------------------+--------------+
| r_mean_Left-Lateral-Ventricle_1         | -0.000241799 |
+-----------------------------------------+--------------+
| r_mean_Left-Pallidum_1                  | -0.0004579   |
+-----------------------------------------+--------------+
| r_mean_Left-Thalamus-Proper_4           |  0.00126605  |
+-----------------------------------------+--------------+
| r_mean_Left-vessel_3                    | -0.000241244 |
+-----------------------------------------+--------------+
| r_mean_Left-vessel_5                    | -0.000812725 |
+-----------------------------------------+--------------+
| r_mean_Right-Accumbens-area_1           |  0.00020661  |
+-----------------------------------------+--------------+
| r_mean_Right-Accumbens-area_2           | -0.00026343  |
+-----------------------------------------+--------------+
| r_mean_Right-Accumbens-area_5           |  0.000487263 |
+-----------------------------------------+--------------+
| r_mean_Right-Amygdala_1                 | -3.52171e-05 |
+-----------------------------------------+--------------+
| r_mean_Right-Amygdala_2                 |  0.000555719 |
+-----------------------------------------+--------------+
| r_mean_Right-Caudate_3                  |  0.000170223 |
+-----------------------------------------+--------------+
| r_mean_Right-Cerebellum-Cortex_5        |  0.000369555 |
+-----------------------------------------+--------------+
| r_mean_Right-Cerebral-Cortex_2          | -0.000784549 |
+-----------------------------------------+--------------+
| r_mean_Right-Hippocampus_4              |  0.000112664 |
+-----------------------------------------+--------------+
| r_mean_Right-Inf-Lat-Vent_1             | -0.0018056   |
+-----------------------------------------+--------------+
| r_mean_Right-Lateral-Ventricle_1        | -0.000375521 |
+-----------------------------------------+--------------+
| r_mean_Right-Putamen_2                  |  0.000480691 |
+-----------------------------------------+--------------+
| r_mean_Right-Putamen_4                  | -0.000520835 |
+-----------------------------------------+--------------+
| r_mean_Right-vessel_3                   | -0.000871937 |
+-----------------------------------------+--------------+
| r_mean_Right-vessel_5                   | -0.000114774 |
+-----------------------------------------+--------------+
| r_mean_WM-hypointensities_1             | -0.00014962  |
+-----------------------------------------+--------------+


[  INFO  ] Starting Classification
